Fri Sep 07 17:48:32 ICT 2018 : Apache Derby Network Server - 10.11.1.2 - (1629631) started and ready to accept connections on port 1527
----------------------------------------------------------------
Fri Sep 07 17:48:32 ICT 2018:
Booting Derby version The Apache Software Foundation - Apache Derby - 10.11.1.2 - (1629631): instance a816c00e-0165-b3a5-bbe2-ffffab31dbbb 
on database directory C:\Users\Nuntuch  Thongyoo\Desktop\GitProject\MyFirstWebApp\DB\classicmodel with class loader sun.misc.Launcher$AppClassLoader@1d44bcfa 
Loaded from file:/C:/Users/Nuntuch%20%20Thongyoo/Desktop/GitProject/MyFirstWebApp/DB/jdk1.8.0_171/db/lib/derby.jar
java.vendor=Oracle Corporation
java.runtime.version=1.8.0_171-b11
user.dir=C:\Users\Nuntuch  Thongyoo\Desktop\GitProject\MyFirstWebApp\DB\jdk1.8.0_171\db
os.name=Windows 10
os.arch=amd64
os.version=10.0
derby.system.home=C:\Users\Nuntuch  Thongyoo\Desktop\GitProject\MyFirstWebApp\DB
Database Class Loader started - derby.database.classpath=''
----------------------------------------------------------------
Fri Sep 07 17:48:34 ICT 2018:
Shutting down instance a816c00e-0165-b3a5-bbe2-ffffab31dbbb on database directory C:\Users\Nuntuch  Thongyoo\Desktop\GitProject\MyFirstWebApp\DB\classicmodel with class loader sun.misc.Launcher$AppClassLoader@1d44bcfa 
Fri Sep 07 17:48:35 ICT 2018 Thread[DRDAConnThread_3,5,main] (DATABASE = classicmodel), (DRDAID = {2}), Database 'classicmodel' shutdown.
----------------------------------------------------------------
Fri Sep 07 17:48:45 ICT 2018:
Booting Derby version The Apache Software Foundation - Apache Derby - 10.11.1.2 - (1629631): instance 0ddd00a9-0165-b3a5-bbe2-ffffab31dbbb 
on database directory C:\Users\Nuntuch  Thongyoo\Desktop\GitProject\MyFirstWebApp\DB\classicmodel with class loader sun.misc.Launcher$AppClassLoader@1d44bcfa 
Loaded from file:/C:/Users/Nuntuch%20%20Thongyoo/Desktop/GitProject/MyFirstWebApp/DB/jdk1.8.0_171/db/lib/derby.jar
java.vendor=Oracle Corporation
java.runtime.version=1.8.0_171-b11
user.dir=C:\Users\Nuntuch  Thongyoo\Desktop\GitProject\MyFirstWebApp\DB\jdk1.8.0_171\db
os.name=Windows 10
os.arch=amd64
os.version=10.0
derby.system.home=C:\Users\Nuntuch  Thongyoo\Desktop\GitProject\MyFirstWebApp\DB
Database Class Loader started - derby.database.classpath=''
